=== SWAE Laravel Healthcheck @ 2025-08-16T09:32:12+0000 ===
Base URL: https://swaeduae.ae


-- System & PHP --
PHP 8.4.7 (cli) (built: May  8 2025 11:28:43) (NTS)
/usr/local/bin/php
Composer version 2.6.5 2023-10-06 10:11:52
Extensions (common):
PDO
bcmath
curl
fileinfo
gd
intl
mbstring
mysqli
mysqlnd
openssl
pdo_mysql
pdo_sqlite
zip

Disk:
Filesystem      Size  Used Avail Use% Mounted on
/dev/sdd        1.3T  1.2T   87G  94% /home3/vminingc

Memory (from /proc):
MemTotal:       98833540 kB
MemAvailable:   59217560 kB
SwapTotal:        524284 kB
SwapFree:         208284 kB

-- Laravel App Basics --
Laravel Framework 11.45.2

   INFO  The application environment is [production].  


about (env, cache, drivers):

  Environment ..................................................................................................................................  
  Application Name .................................................................................................................... SwaedUAE  
  Laravel Version ...................................................................................................................... 11.45.2  
  PHP Version ............................................................................................................................ 8.4.7  
  Composer Version ....................................................................................................................... 2.6.5  
  Environment ....................................................................................................................... production  
  Debug Mode ............................................................................................................................... OFF  
  URL .............................................................................................................................. swaeduae.ae  
  Maintenance Mode ......................................................................................................................... OFF  
  Timezone .......................................................................................................................... Asia/Dubai  
  Locale .................................................................................................................................... ar  

  Cache ........................................................................................................................................  
  Config ............................................................................................................................ NOT CACHED  
  Events ............................................................................................................................ NOT CACHED  
  Routes ............................................................................................................................ NOT CACHED  
  Views ................................................................................................................................. CACHED  

  Drivers ......................................................................................................................................  
  Broadcasting ............................................................................................................................ null  
  Cache ............................................................................................................................... database  
  Database ............................................................................................................................... mysql  
  Logs .......................................................................................................................... stack / single  
  Mail ................................................................................................................................ sendmail  
  Queue ................................................................................................................................... sync  
  Session ................................................................................................................................. file  


Routes count:
182

-- Database & Migrations --
1

  Migration name ................................................................................................................ Batch / Status  
  0001_01_01_000000_create_users_table ................................................................................................. [1] Ran  
  0001_01_01_000001_create_cache_table ................................................................................................. [1] Ran  
  0001_01_01_000002_create_jobs_table .................................................................................................. [1] Ran  
  2019_01_02_000000_create_media_table ................................................................................................ [30] Ran  
  2024_01_01_100000_add_role_enabled_to_users .......................................................................................... [1] Ran  
  2024_08_06_000000_create_events_table ................................................................................................ [1] Ran  
  2024_08_06_000002_create_news_table .................................................................................................. [1] Ran  
  2025_01_01_000000_add_role_to_users .................................................................................................. [1] Ran  
  2025_08_02_235249_add_social_fields_to_users_table ................................................................................... [1] Ran  
  2025_08_03_000001_create_volunteers_table ............................................................................................ [1] Ran  
  2025_08_03_000002_create_registrations_table ......................................................................................... [1] Ran  
  2025_08_03_000100_create_volunteer_profiles_table .................................................................................... [1] Ran  
  2025_08_03_000200_create_organizations_table ......................................................................................... [1] Ran  
  2025_08_03_000400_create_event_registrations_table ................................................................................... [1] Ran  
  2025_08_03_000553_create_kyc_table ................................................................................................... [1] Ran  
  2025_08_03_000553_create_roles_table ................................................................................................. [1] Ran  
  2025_08_03_000742_create_teams_table ................................................................................................. [1] Ran  
  2025_08_03_020000_create_event_applications_table .................................................................................... [1] Ran  
  2025_08_03_020100_create_event_info_requests_table ................................................................................... [1] Ran  
  2025_08_03_020200_create_event_checkins_table ........................................................................................ [1] Ran  
  2025_08_03_020300_create_event_evaluations_table ..................................................................................... [1] Ran  
  2025_08_03_025713_create_personal_access_tokens_table ................................................................................ [1] Ran  
  2025_08_03_230000_create_opportunities_table ......................................................................................... [1] Ran  
  2025_08_04_200000_create_site_settings_table ......................................................................................... [1] Ran  
  2025_08_04_210000_create_badges_table ................................................................................................ [1] Ran  
  2025_08_05_000001_add_date_to_events_table ........................................................................................... [1] Ran  
  2025_08_05_000003_add_city_and_description_to_events_table ........................................................................... [1] Ran  
  2025_08_05_000010_add_city_description_to_events ..................................................................................... [1] Ran  
  2025_08_05_000011_create_certificates_table ......................................................................................... [69] Ran  
  2025_08_05_000012_create_kycs_table .................................................................................................. [1] Ran  
  2025_08_05_000013_create_payments_table .............................................................................................. [1] Ran  
  2025_08_05_100000_add_status_enum_to_kyc_table ....................................................................................... [1] Ran  
  2025_08_06_050137_add_fields_to_certificates_table ................................................................................... [1] Ran  
  2025_08_07_193911_add_is_admin_to_users_table ........................................................................................ [1] Ran  
  2025_08_08_000001_create_events_table ................................................................................................ [1] Ran  
  2025_08_08_114122_alter_opportunities_add_core_columns ............................................................................... [1] Ran  
  2025_08_08_120150_alter_events_add_core_columns ...................................................................................... [1] Ran  
  2025_08_08_134236_create_events_table ................................................................................................ [1] Ran  
  2025_08_08_134311_create_events_table ................................................................................................ [1] Ran  
  2025_08_08_160000_add_profile_fields_to_users_table .................................................................................. [1] Ran  
  2025_08_08_160100_create_event_volunteer_table ....................................................................................... [1] Ran  
  2025_08_08_170000_add_owner_user_id_to_organizations_table ........................................................................... [1] Ran  
  2025_08_08_190000_add_is_admin_to_users_table ........................................................................................ [1] Ran  
  2025_08_08_193704_create_applications_table .......................................................................................... [1] Ran  
  2025_08_08_193705_create_volunteer_hours_table ....................................................................................... [1] Ran  
  2025_08_08_200000_create_event_user_table ............................................................................................ [1] Ran  
  2025_08_08_200500_create_event_volunteer_table ....................................................................................... [1] Ran  
  2025_08_08_210000_add_is_active_to_users_table ....................................................................................... [1] Ran  
  2025_08_08_210500_create_attendances_table ........................................................................................... [1] Ran  
  2025_08_08_210600_create_volunteer_hours_table ....................................................................................... [1] Ran  
  2025_08_08_211311_add_user_id_to_attendances_table ................................................................................... [1] Ran  
  2025_08_08_211500_create_event_volunteer_table ....................................................................................... [1] Ran  
  2025_08_08_235900_create_acl_permission_tables ....................................................................................... [1] Ran  
  2025_08_08_240500_add_owner_and_status_to_opportunities .............................................................................. [1] Ran  
  2025_08_09_000000_add_owner_user_id_to_organizations ................................................................................. [1] Ran  
  2025_08_09_000100_add_role_to_users .................................................................................................. [1] Ran  
  2025_08_09_000100_create_attendances_table ........................................................................................... [1] Ran  
  2025_08_09_000100_create_volunteer_hours_table ....................................................................................... [1] Ran  
  2025_08_09_000200_create_attendances_table ........................................................................................... [1] Ran  
  2025_08_09_000200_create_organizations_table ......................................................................................... [1] Ran  
  2025_08_09_000200_create_volunteer_hours_table ....................................................................................... [1] Ran  
  2025_08_09_000300_update_events_for_org_and_meta ..................................................................................... [1] Ran  
  2025_08_09_040254_create_applications_table .......................................................................................... [1] Ran  
  2025_08_09_040629_create_attendances_table ........................................................................................... [1] Ran  
  2025_08_09_061422_create_volunteer_applications_table ................................................................................ [1] Ran  
  2025_08_09_121006_create_applications_table .......................................................................................... [1] Ran  
  2025_08_09_143532_add_checkout_token_to_attendances_table ............................................................................ [1] Ran  
  2025_08_09_145221_create_qr_scans_table .............................................................................................. [1] Ran  
  2025_08_09_154142_create_events_table ................................................................................................ [1] Ran  
  2025_08_09_160920_create_applications_table .......................................................................................... [2] Ran  
  2025_08_09_160921_create_applications_table_duplicate_guard ......................................................................... [71] Ran  
  2025_08_09_163943_create_certificates_table .......................................................................................... [2] Ran  
  2025_08_09_182657_add_verification_code_to_certificates_table ........................................................................ [2] Ran  
  2025_08_09_183532_add_checkout_token_to_attendances_table ............................................................................ [2] Ran  
  2025_08_09_200000_add_checkout_token_to_attendances_table ............................................................................ [2] Ran  
  2025_08_09_210000_create_certificates_and_volunteer_hours ............................................................................ [2] Ran  
  2025_08_10_000000_add_category_to_opportunities_table ................................................................................ [4] Ran  
  2025_08_10_000000_create_applications_table .......................................................................................... [3] Ran  
  2025_08_10_000001_add_badge_to_users_table ........................................................................................... [4] Ran  
  2025_08_10_082905_add_foreign_keys_to_events_table ................................................................................... [5] Ran  
  2025_08_10_100000_create_volunteer_hours_table ....................................................................................... [6] Ran  
  2025_08_10_100001_create_volunteer_hours_table_duplicate_guard ...................................................................... [71] Ran  
  2025_08_10_150000_create_categories_table ............................................................................................ [6] Ran  
  2025_08_10_200000_add_region_and_badge ............................................................................................... [7] Ran  
  2025_08_10_210000_add_category_to_events_table ....................................................................................... [8] Ran  
  2025_08_11_000000_create_categories_table ............................................................................................ [9] Ran  
  2025_08_11_000001_create_categories_table ........................................................................................... [12] Ran  
  2025_08_11_000001_create_locations_table ............................................................................................ [11] Ran  
  2025_08_11_000002_create_organizations_table ........................................................................................ [11] Ran  
  2025_08_11_000003_create_events_table ............................................................................................... [11] Ran  
  2025_08_11_000003_create_opportunities_table ........................................................................................ [13] Ran  
  2025_08_11_000003_create_organizations_table_duplicate_guard ........................................................................ [71] Ran  
  2025_08_11_000004_create_opportunities_table ........................................................................................ [11] Ran  
  2025_08_11_000004_create_opportunity_volunteer_table ................................................................................ [13] Ran  
  2025_08_11_000005_create_event_user_table ........................................................................................... [11] Ran  
  2025_08_11_000005_create_volunteers_table ........................................................................................... [14] Ran  
  2025_08_11_000006_create_opportunity_user_table ..................................................................................... [11] Ran  
  2025_08_11_000006_create_teams_table ................................................................................................ [15] Ran  
  2025_08_11_000007_create_certificates_table ......................................................................................... [11] Ran  
  2025_08_11_000007_create_partners_table ............................................................................................. [16] Ran  
  2025_08_11_000008_create_partners_table ............................................................................................. [11] Ran  
  2025_08_11_000008_create_stories_table .............................................................................................. [17] Ran  
  2025_08_11_000009_create_attendances_table .......................................................................................... [18] Ran  
  2025_08_11_000009_create_stories_table .............................................................................................. [11] Ran  
  2025_08_11_000010_create_certificates_table ......................................................................................... [19] Ran  
  2025_08_11_000011_add_license_and_badges_tables ..................................................................................... [20] Ran  
  2025_08_11_000012_add_optional_profile_columns_to_volunteers ........................................................................ [21] Ran  
  2025_08_11_000100_create_kyc_requests_table ......................................................................................... [28] Ran  
  2025_08_11_112158_add_category_and_city_to_opportunities_table ...................................................................... [22] Ran  
  2025_08_11_114034_add_org_and_tokens_to_opportunities_table ......................................................................... [23] Ran  
  2025_08_11_114035_create_attendances_table .......................................................................................... [24] Ran  
  2025_08_11_114035_create_certificates_table ......................................................................................... [24] Ran  
  2025_08_11_114147_add_org_and_tokens_to_opportunities_table ......................................................................... [24] Ran  
  2025_08_11_114148_create_attendances_table .......................................................................................... [24] Ran  
  2025_08_11_114148_create_certificates_table ......................................................................................... [24] Ran  
  2025_08_11_115454_add_org_and_tokens_to_opportunities_table ......................................................................... [24] Ran  
  2025_08_11_115458_create_attendances_table .......................................................................................... [24] Ran  
  2025_08_11_115503_create_certificates_table ......................................................................................... [24] Ran  
  2025_08_11_120000_create_audit_logs_table ........................................................................................... [29] Ran  
  2025_08_11_221412_create_media_table ................................................................................................ [32] Ran  
  2025_08_11_999999_add_unique_user_opportunity_to_applications ....................................................................... [27] Ran  
  2025_08_12_000001_add_featured_to_opportunities_table ............................................................................... [10] Ran  
  2025_08_12_094900_alter_opportunities_status_to_varchar ............................................................................. [33] Ran  
  2025_08_12_120000_create_password_reset_tokens_table ................................................................................ [25] Ran  
  2025_08_12_150000_create_saved_opportunities_table .................................................................................. [26] Ran  
  2025_08_13_000001_add_volunteer_code_and_ids_to_users ............................................................................... [34] Ran  
  2025_08_13_000002_create_profiles_table ............................................................................................. [34] Ran  
  2025_08_13_000003_create_learning_requests_table .................................................................................... [34] Ran  
  2025_08_13_000004_create_applications_table ......................................................................................... [35] Ran  
  2025_08_13_000005_add_attendance_hours_and_opportunity_status ....................................................................... [36] Ran  
  2025_08_13_000006_upsert_certificates_schema ........................................................................................ [37] Ran  
  2025_08_13_000007_patch_attendances_columns ......................................................................................... [38] Ran  
  2025_08_13_000008_add_qr_tokens_to_opportunities .................................................................................... [39] Ran  
  2025_08_13_000009_create_applications_table ......................................................................................... [40] Ran  
  2025_08_13_000010_add_minutes_to_volunteer_hours .................................................................................... [41] Ran  
  2025_08_13_085411_sprint1_safe_columns .............................................................................................. [42] Ran  
  2025_08_13_090834_sprint2_certificates_and_deliveries ............................................................................... [43] Ran  
  2025_08_13_094708_sprint2_fix_hours_column .......................................................................................... [44] Ran  
  2025_08_13_095226_sprint2_event_id_nullable ......................................................................................... [45] Ran  
  2025_08_13_110104_sprint3_contact_messages .......................................................................................... [46] Ran  
  2025_08_13_111317_sprint4_optional_indexes .......................................................................................... [47] Ran  
  2025_08_13_112028_sprint6_partner_intake_submissions ................................................................................ [48] Ran  
  2025_08_13_112549_sprint6_partner_intake_submissions ................................................................................ [49] Ran  
  2025_08_13_113728_sprint8_audit_logs ................................................................................................ [50] Ran  
  2025_08_13_113920_sprint8_patch_audit_logs_columns .................................................................................. [51] Ran  
  2025_08_13_160816_add_social_columns_to_users_table ................................................................................. [53] Ran  
  2025_08_13_165603_enhance_certificates_table_add_columns_issued_at_file_hours ....................................................... [52] Ran  
  2025_08_13_165604_enhance_attendance_add_minutes_no_show_notes ...................................................................... [52] Ran  
  2025_08_13_210201_add_primary_color_to_settings_table ............................................................................... [54] Ran  
  2025_08_14_000000_create_user_documents_table ....................................................................................... [59] Ran  
  2025_08_14_120100_create_audit_logs_table ........................................................................................... [55] Ran  
  2025_08_14_120200_harden_certificates_schema ........................................................................................ [55] Ran  
  2025_08_14_130000_add_certificate_code_uniques ...................................................................................... [56] Ran  
  2025_08_14_130500_add_certificate_lookup_indexes .................................................................................... [57] Ran  
  2025_08_14_170000_extend_organizations_for_org_portal ............................................................................... [61] Ran  
  2025_08_14_190000_add_profile_fields_to_users ....................................................................................... [58] Ran  
  2025_08_14_200000_create_organization_registrations_table ........................................................................... [60] Ran  
  2025_08_14_205239_extend_organizations_for_org_portal ............................................................................... [61] Ran  
  2025_08_14_210500_add_owner_id_to_organizations ..................................................................................... [62] Ran  
  2025_08_14_210844_add_owner_id_to_organizations ..................................................................................... [62] Ran  
  2025_08_14_214102_add_license_fields_to_organizations ............................................................................... [63] Ran  
  2025_08_14_215336_make_org_email_password_nullable .................................................................................. [64] Ran  
  2025_08_14_220000_add_license_fields_to_organizations ............................................................................... [63] Ran  
  2025_08_14_220309_tweak_org_columns_for_license_and_nullable ........................................................................ [65] Ran  
  2025_08_14_220500_add_license_file_to_organizations ................................................................................. [66] Ran  
  2025_08_15_053802_add_hours_engine_columns .......................................................................................... [67] Ran  
  2025_08_15_072230_add_minutes_to_volunteer_hours_table .............................................................................. [68] Ran  
  2025_08_15_080020_make_attendance_token_nullable .................................................................................... [70] Ran  
  2025_08_15_115847_make_attendance_token_nullable .................................................................................... [70] Ran  
  2025_08_15_123000_add_checkin_columns_if_missing .................................................................................... [71] Ran  
  2025_08_15_130500_drop_attendance_user_opportunity_unique ........................................................................... [71] Ran  
  2025_08_16_100000_augment_attendances_for_geo_and_status ............................................................................ [73] Ran  
  2025_08_16_120000_add_org_attendance_fields ......................................................................................... [72] Ran  
  2025_08_16_140000_org_shortlisting_cap_and_status ................................................................................... [74] Ran  


-- Queue & Scheduler --

   INFO  No failed jobs found.  


  10 2 * * *  php artisan hours:reconcile ............................................................................ Next Due: 12 ساعة من الآن
  20 2 * * *  php artisan hours:audit ................................................................................ Next Due: 12 ساعة من الآن


-- Storage & Permissions --
public/storage symlink: OK
storage              : writable
bootstrap/cache      : writable

-- TLS Certificate --
notBefore=Aug  4 11:00:13 2025 GMT
notAfter=Nov  2 11:00:12 2025 GMT
issuer= /C=US/O=Let's Encrypt/CN=R11
subject= /CN=swaeduae.ae

-- HTTP Smoke (status,time) --
/                            -> 200 0.997
/events                      -> 200 0.476
/opportunities               -> 200 0.472
/organizations               -> 200 0.481
/gallery                     -> 200 0.483
/sitemap.xml                 -> 200 0.476
/robots.txt                  -> 200 0.179
/login                       -> 302 0.438
/org/login                   -> 302 0.434
/org/dashboard               -> 302 0.474
/up                          -> 200 0.450

-- Recent Application Logs --
Size: 28K, Updated: 2025-08-16 09:28:43
--- last 120 lines (errors first if any) ---
[2025-08-16 13:06:55] production.ERROR: The "--columns" option does not exist. {"exception":"[object] (Symfony\\Component\\Console\\Exception\\RuntimeException(code: 0): The \"--columns\" option does not exist. at /home3/vminingc/swaeduae.ae/laravel-app/vendor/symfony/console/Input/ArgvInput.php:226)
[2025-08-16 13:28:43] production.ERROR: Route [opps.public.index] not defined. (View: /home3/vminingc/swaeduae.ae/laravel-app/resources/views/opportunities/public/show.blade.php) {"exception":"[object] (Illuminate\\View\\ViewException(code: 0): Route [opps.public.index] not defined. (View: /home3/vminingc/swaeduae.ae/laravel-app/resources/views/opportunities/public/show.blade.php) at /home3/vminingc/swaeduae.ae/laravel-app/vendor/laravel/framework/src/Illuminate/Routing/UrlGenerator.php:517)

#0 /home3/vminingc/swaeduae.ae/laravel-app/vendor/laravel/framework/src/Illuminate/View/Engines/PhpEngine.php(60): Illuminate\\View\\Engines\\CompilerEngine->handleViewException()
#1 /home3/vminingc/swaeduae.ae/laravel-app/vendor/laravel/framework/src/Illuminate/View/Engines/CompilerEngine.php(75): Illuminate\\View\\Engines\\PhpEngine->evaluatePath()
#2 /home3/vminingc/swaeduae.ae/laravel-app/vendor/laravel/framework/src/Illuminate/View/View.php(209): Illuminate\\View\\Engines\\CompilerEngine->get()
#3 /home3/vminingc/swaeduae.ae/laravel-app/vendor/laravel/framework/src/Illuminate/View/View.php(192): Illuminate\\View\\View->getContents()
#4 /home3/vminingc/swaeduae.ae/laravel-app/vendor/laravel/framework/src/Illuminate/View/View.php(161): Illuminate\\View\\View->renderContents()
#5 /home3/vminingc/swaeduae.ae/laravel-app/vendor/laravel/framework/src/Illuminate/Http/Response.php(79): Illuminate\\View\\View->render()
#6 /home3/vminingc/swaeduae.ae/laravel-app/vendor/laravel/framework/src/Illuminate/Http/Response.php(35): Illuminate\\Http\\Response->setContent()
#7 /home3/vminingc/swaeduae.ae/laravel-app/vendor/laravel/framework/src/Illuminate/Routing/Router.php(920): Illuminate\\Http\\Response->__construct()
#8 /home3/vminingc/swaeduae.ae/laravel-app/vendor/laravel/framework/src/Illuminate/Routing/Router.php(887): Illuminate\\Routing\\Router::toResponse()
#9 /home3/vminingc/swaeduae.ae/laravel-app/vendor/laravel/framework/src/Illuminate/Routing/Router.php(807): Illuminate\\Routing\\Router->prepareResponse()
#10 /home3/vminingc/swaeduae.ae/laravel-app/vendor/laravel/framework/src/Illuminate/Pipeline/Pipeline.php(170): Illuminate\\Routing\\Router->{closure:Illuminate\\Routing\\Router::runRouteWithinStack():807}()
#11 /home3/vminingc/swaeduae.ae/laravel-app/vendor/laravel/framework/src/Illuminate/Routing/Middleware/SubstituteBindings.php(51): Illuminate\\Pipeline\\Pipeline->{closure:Illuminate\\Pipeline\\Pipeline::prepareDestination():168}()
#12 /home3/vminingc/swaeduae.ae/laravel-app/vendor/laravel/framework/src/Illuminate/Pipeline/Pipeline.php(209): Illuminate\\Routing\\Middleware\\SubstituteBindings->handle()
#13 /home3/vminingc/swaeduae.ae/laravel-app/vendor/laravel/framework/src/Illuminate/Foundation/Http/Middleware/VerifyCsrfToken.php(88): Illuminate\\Pipeline\\Pipeline->{closure:{closure:Illuminate\\Pipeline\\Pipeline::carry():184}:185}()
#14 /home3/vminingc/swaeduae.ae/laravel-app/vendor/laravel/framework/src/Illuminate/Pipeline/Pipeline.php(209): Illuminate\\Foundation\\Http\\Middleware\\VerifyCsrfToken->handle()
#15 /home3/vminingc/swaeduae.ae/laravel-app/vendor/laravel/framework/src/Illuminate/View/Middleware/ShareErrorsFromSession.php(49): Illuminate\\Pipeline\\Pipeline->{closure:{closure:Illuminate\\Pipeline\\Pipeline::carry():184}:185}()
#16 /home3/vminingc/swaeduae.ae/laravel-app/vendor/laravel/framework/src/Illuminate/Pipeline/Pipeline.php(209): Illuminate\\View\\Middleware\\ShareErrorsFromSession->handle()
#17 /home3/vminingc/swaeduae.ae/laravel-app/vendor/laravel/framework/src/Illuminate/Session/Middleware/StartSession.php(121): Illuminate\\Pipeline\\Pipeline->{closure:{closure:Illuminate\\Pipeline\\Pipeline::carry():184}:185}()
#18 /home3/vminingc/swaeduae.ae/laravel-app/vendor/laravel/framework/src/Illuminate/Session/Middleware/StartSession.php(64): Illuminate\\Session\\Middleware\\StartSession->handleStatefulRequest()
#19 /home3/vminingc/swaeduae.ae/laravel-app/vendor/laravel/framework/src/Illuminate/Pipeline/Pipeline.php(209): Illuminate\\Session\\Middleware\\StartSession->handle()
#20 /home3/vminingc/swaeduae.ae/laravel-app/vendor/laravel/framework/src/Illuminate/Cookie/Middleware/AddQueuedCookiesToResponse.php(37): Illuminate\\Pipeline\\Pipeline->{closure:{closure:Illuminate\\Pipeline\\Pipeline::carry():184}:185}()
#21 /home3/vminingc/swaeduae.ae/laravel-app/vendor/laravel/framework/src/Illuminate/Pipeline/Pipeline.php(209): Illuminate\\Cookie\\Middleware\\AddQueuedCookiesToResponse->handle()
#22 /home3/vminingc/swaeduae.ae/laravel-app/vendor/laravel/framework/src/Illuminate/Cookie/Middleware/EncryptCookies.php(75): Illuminate\\Pipeline\\Pipeline->{closure:{closure:Illuminate\\Pipeline\\Pipeline::carry():184}:185}()
#23 /home3/vminingc/swaeduae.ae/laravel-app/vendor/laravel/framework/src/Illuminate/Pipeline/Pipeline.php(209): Illuminate\\Cookie\\Middleware\\EncryptCookies->handle()
#24 /home3/vminingc/swaeduae.ae/laravel-app/vendor/laravel/framework/src/Illuminate/Pipeline/Pipeline.php(127): Illuminate\\Pipeline\\Pipeline->{closure:{closure:Illuminate\\Pipeline\\Pipeline::carry():184}:185}()
#25 /home3/vminingc/swaeduae.ae/laravel-app/vendor/laravel/framework/src/Illuminate/Routing/Router.php(807): Illuminate\\Pipeline\\Pipeline->then()
#26 /home3/vminingc/swaeduae.ae/laravel-app/vendor/laravel/framework/src/Illuminate/Routing/Router.php(786): Illuminate\\Routing\\Router->runRouteWithinStack()
#27 /home3/vminingc/swaeduae.ae/laravel-app/vendor/laravel/framework/src/Illuminate/Routing/Router.php(750): Illuminate\\Routing\\Router->runRoute()
#28 /home3/vminingc/swaeduae.ae/laravel-app/vendor/laravel/framework/src/Illuminate/Routing/Router.php(739): Illuminate\\Routing\\Router->dispatchToRoute()
#29 /home3/vminingc/swaeduae.ae/laravel-app/vendor/laravel/framework/src/Illuminate/Foundation/Http/Kernel.php(201): Illuminate\\Routing\\Router->dispatch()
#30 /home3/vminingc/swaeduae.ae/laravel-app/vendor/laravel/framework/src/Illuminate/Pipeline/Pipeline.php(170): Illuminate\\Foundation\\Http\\Kernel->{closure:Illuminate\\Foundation\\Http\\Kernel::dispatchToRouter():198}()
#31 /home3/vminingc/swaeduae.ae/laravel-app/app/Http/Middleware/SecurityHeaders.php(14): Illuminate\\Pipeline\\Pipeline->{closure:Illuminate\\Pipeline\\Pipeline::prepareDestination():168}()
#32 /home3/vminingc/swaeduae.ae/laravel-app/vendor/laravel/framework/src/Illuminate/Pipeline/Pipeline.php(209): App\\Http\\Middleware\\SecurityHeaders->handle()
#33 /home3/vminingc/swaeduae.ae/laravel-app/vendor/laravel/framework/src/Illuminate/Http/Middleware/TrustProxies.php(58): Illuminate\\Pipeline\\Pipeline->{closure:{closure:Illuminate\\Pipeline\\Pipeline::carry():184}:185}()
#34 /home3/vminingc/swaeduae.ae/laravel-app/vendor/laravel/framework/src/Illuminate/Pipeline/Pipeline.php(209): Illuminate\\Http\\Middleware\\TrustProxies->handle()
#35 /home3/vminingc/swaeduae.ae/laravel-app/vendor/laravel/framework/src/Illuminate/Foundation/Http/Middleware/TransformsRequest.php(21): Illuminate\\Pipeline\\Pipeline->{closure:{closure:Illuminate\\Pipeline\\Pipeline::carry():184}:185}()
#36 /home3/vminingc/swaeduae.ae/laravel-app/vendor/laravel/framework/src/Illuminate/Foundation/Http/Middleware/ConvertEmptyStringsToNull.php(31): Illuminate\\Foundation\\Http\\Middleware\\TransformsRequest->handle()
#37 /home3/vminingc/swaeduae.ae/laravel-app/vendor/laravel/framework/src/Illuminate/Pipeline/Pipeline.php(209): Illuminate\\Foundation\\Http\\Middleware\\ConvertEmptyStringsToNull->handle()
#38 /home3/vminingc/swaeduae.ae/laravel-app/vendor/laravel/framework/src/Illuminate/Foundation/Http/Middleware/TransformsRequest.php(21): Illuminate\\Pipeline\\Pipeline->{closure:{closure:Illuminate\\Pipeline\\Pipeline::carry():184}:185}()
#39 /home3/vminingc/swaeduae.ae/laravel-app/vendor/laravel/framework/src/Illuminate/Foundation/Http/Middleware/TrimStrings.php(51): Illuminate\\Foundation\\Http\\Middleware\\TransformsRequest->handle()
#40 /home3/vminingc/swaeduae.ae/laravel-app/vendor/laravel/framework/src/Illuminate/Pipeline/Pipeline.php(209): Illuminate\\Foundation\\Http\\Middleware\\TrimStrings->handle()
#41 /home3/vminingc/swaeduae.ae/laravel-app/vendor/laravel/framework/src/Illuminate/Http/Middleware/ValidatePostSize.php(27): Illuminate\\Pipeline\\Pipeline->{closure:{closure:Illuminate\\Pipeline\\Pipeline::carry():184}:185}()
#42 /home3/vminingc/swaeduae.ae/laravel-app/vendor/laravel/framework/src/Illuminate/Pipeline/Pipeline.php(209): Illuminate\\Http\\Middleware\\ValidatePostSize->handle()
#43 /home3/vminingc/swaeduae.ae/laravel-app/vendor/laravel/framework/src/Illuminate/Foundation/Http/Middleware/PreventRequestsDuringMaintenance.php(110): Illuminate\\Pipeline\\Pipeline->{closure:{closure:Illuminate\\Pipeline\\Pipeline::carry():184}:185}()
#44 /home3/vminingc/swaeduae.ae/laravel-app/vendor/laravel/framework/src/Illuminate/Pipeline/Pipeline.php(209): Illuminate\\Foundation\\Http\\Middleware\\PreventRequestsDuringMaintenance->handle()
#45 /home3/vminingc/swaeduae.ae/laravel-app/vendor/laravel/framework/src/Illuminate/Http/Middleware/HandleCors.php(49): Illuminate\\Pipeline\\Pipeline->{closure:{closure:Illuminate\\Pipeline\\Pipeline::carry():184}:185}()
#46 /home3/vminingc/swaeduae.ae/laravel-app/vendor/laravel/framework/src/Illuminate/Pipeline/Pipeline.php(209): Illuminate\\Http\\Middleware\\HandleCors->handle()
#47 /home3/vminingc/swaeduae.ae/laravel-app/vendor/laravel/framework/src/Illuminate/Http/Middleware/TrustProxies.php(58): Illuminate\\Pipeline\\Pipeline->{closure:{closure:Illuminate\\Pipeline\\Pipeline::carry():184}:185}()
#48 /home3/vminingc/swaeduae.ae/laravel-app/vendor/laravel/framework/src/Illuminate/Pipeline/Pipeline.php(209): Illuminate\\Http\\Middleware\\TrustProxies->handle()
#49 /home3/vminingc/swaeduae.ae/laravel-app/vendor/laravel/framework/src/Illuminate/Foundation/Http/Middleware/InvokeDeferredCallbacks.php(22): Illuminate\\Pipeline\\Pipeline->{closure:{closure:Illuminate\\Pipeline\\Pipeline::carry():184}:185}()
#50 /home3/vminingc/swaeduae.ae/laravel-app/vendor/laravel/framework/src/Illuminate/Pipeline/Pipeline.php(209): Illuminate\\Foundation\\Http\\Middleware\\InvokeDeferredCallbacks->handle()
#51 /home3/vminingc/swaeduae.ae/laravel-app/vendor/laravel/framework/src/Illuminate/Pipeline/Pipeline.php(127): Illuminate\\Pipeline\\Pipeline->{closure:{closure:Illuminate\\Pipeline\\Pipeline::carry():184}:185}()
#52 /home3/vminingc/swaeduae.ae/laravel-app/vendor/laravel/framework/src/Illuminate/Foundation/Http/Kernel.php(176): Illuminate\\Pipeline\\Pipeline->then()
#53 /home3/vminingc/swaeduae.ae/laravel-app/vendor/laravel/framework/src/Illuminate/Foundation/Http/Kernel.php(145): Illuminate\\Foundation\\Http\\Kernel->sendRequestThroughRouter()
#54 /home3/vminingc/swaeduae.ae/laravel-app/public/index.php(11): Illuminate\\Foundation\\Http\\Kernel->handle()
#55 {main}

[previous exception] [object] (Symfony\\Component\\Routing\\Exception\\RouteNotFoundException(code: 0): Route [opps.public.index] not defined. at /home3/vminingc/swaeduae.ae/laravel-app/vendor/laravel/framework/src/Illuminate/Routing/UrlGenerator.php:517)
[stacktrace]
#0 /home3/vminingc/swaeduae.ae/laravel-app/vendor/laravel/framework/src/Illuminate/Foundation/helpers.php(853): Illuminate\\Routing\\UrlGenerator->route()
#1 /home3/vminingc/swaeduae.ae/laravel-app/storage/framework/views/8a464859aa9b682fd9c4afcd595032f5.php(4): route()
#2 /home3/vminingc/swaeduae.ae/laravel-app/vendor/laravel/framework/src/Illuminate/Filesystem/Filesystem.php(123): require('/home3/vminingc...')
#3 /home3/vminingc/swaeduae.ae/laravel-app/vendor/laravel/framework/src/Illuminate/Filesystem/Filesystem.php(124): Illuminate\\Filesystem\\Filesystem::{closure:Illuminate\\Filesystem\\Filesystem::getRequire():120}()
#4 /home3/vminingc/swaeduae.ae/laravel-app/vendor/laravel/framework/src/Illuminate/View/Engines/PhpEngine.php(58): Illuminate\\Filesystem\\Filesystem->getRequire()
#5 /home3/vminingc/swaeduae.ae/laravel-app/vendor/laravel/framework/src/Illuminate/View/Engines/CompilerEngine.php(75): Illuminate\\View\\Engines\\PhpEngine->evaluatePath()
#6 /home3/vminingc/swaeduae.ae/laravel-app/vendor/laravel/framework/src/Illuminate/View/View.php(209): Illuminate\\View\\Engines\\CompilerEngine->get()
#7 /home3/vminingc/swaeduae.ae/laravel-app/vendor/laravel/framework/src/Illuminate/View/View.php(192): Illuminate\\View\\View->getContents()
#8 /home3/vminingc/swaeduae.ae/laravel-app/vendor/laravel/framework/src/Illuminate/View/View.php(161): Illuminate\\View\\View->renderContents()
#9 /home3/vminingc/swaeduae.ae/laravel-app/vendor/laravel/framework/src/Illuminate/Http/Response.php(79): Illuminate\\View\\View->render()
#10 /home3/vminingc/swaeduae.ae/laravel-app/vendor/laravel/framework/src/Illuminate/Http/Response.php(35): Illuminate\\Http\\Response->setContent()
#11 /home3/vminingc/swaeduae.ae/laravel-app/vendor/laravel/framework/src/Illuminate/Routing/Router.php(920): Illuminate\\Http\\Response->__construct()
#12 /home3/vminingc/swaeduae.ae/laravel-app/vendor/laravel/framework/src/Illuminate/Routing/Router.php(887): Illuminate\\Routing\\Router::toResponse()
#13 /home3/vminingc/swaeduae.ae/laravel-app/vendor/laravel/framework/src/Illuminate/Routing/Router.php(807): Illuminate\\Routing\\Router->prepareResponse()
#14 /home3/vminingc/swaeduae.ae/laravel-app/vendor/laravel/framework/src/Illuminate/Pipeline/Pipeline.php(170): Illuminate\\Routing\\Router->{closure:Illuminate\\Routing\\Router::runRouteWithinStack():807}()
#15 /home3/vminingc/swaeduae.ae/laravel-app/vendor/laravel/framework/src/Illuminate/Routing/Middleware/SubstituteBindings.php(51): Illuminate\\Pipeline\\Pipeline->{closure:Illuminate\\Pipeline\\Pipeline::prepareDestination():168}()
#16 /home3/vminingc/swaeduae.ae/laravel-app/vendor/laravel/framework/src/Illuminate/Pipeline/Pipeline.php(209): Illuminate\\Routing\\Middleware\\SubstituteBindings->handle()
#17 /home3/vminingc/swaeduae.ae/laravel-app/vendor/laravel/framework/src/Illuminate/Foundation/Http/Middleware/VerifyCsrfToken.php(88): Illuminate\\Pipeline\\Pipeline->{closure:{closure:Illuminate\\Pipeline\\Pipeline::carry():184}:185}()
#18 /home3/vminingc/swaeduae.ae/laravel-app/vendor/laravel/framework/src/Illuminate/Pipeline/Pipeline.php(209): Illuminate\\Foundation\\Http\\Middleware\\VerifyCsrfToken->handle()
#19 /home3/vminingc/swaeduae.ae/laravel-app/vendor/laravel/framework/src/Illuminate/View/Middleware/ShareErrorsFromSession.php(49): Illuminate\\Pipeline\\Pipeline->{closure:{closure:Illuminate\\Pipeline\\Pipeline::carry():184}:185}()
#20 /home3/vminingc/swaeduae.ae/laravel-app/vendor/laravel/framework/src/Illuminate/Pipeline/Pipeline.php(209): Illuminate\\View\\Middleware\\ShareErrorsFromSession->handle()
#21 /home3/vminingc/swaeduae.ae/laravel-app/vendor/laravel/framework/src/Illuminate/Session/Middleware/StartSession.php(121): Illuminate\\Pipeline\\Pipeline->{closure:{closure:Illuminate\\Pipeline\\Pipeline::carry():184}:185}()
#22 /home3/vminingc/swaeduae.ae/laravel-app/vendor/laravel/framework/src/Illuminate/Session/Middleware/StartSession.php(64): Illuminate\\Session\\Middleware\\StartSession->handleStatefulRequest()
#23 /home3/vminingc/swaeduae.ae/laravel-app/vendor/laravel/framework/src/Illuminate/Pipeline/Pipeline.php(209): Illuminate\\Session\\Middleware\\StartSession->handle()
#24 /home3/vminingc/swaeduae.ae/laravel-app/vendor/laravel/framework/src/Illuminate/Cookie/Middleware/AddQueuedCookiesToResponse.php(37): Illuminate\\Pipeline\\Pipeline->{closure:{closure:Illuminate\\Pipeline\\Pipeline::carry():184}:185}()
#25 /home3/vminingc/swaeduae.ae/laravel-app/vendor/laravel/framework/src/Illuminate/Pipeline/Pipeline.php(209): Illuminate\\Cookie\\Middleware\\AddQueuedCookiesToResponse->handle()
#26 /home3/vminingc/swaeduae.ae/laravel-app/vendor/laravel/framework/src/Illuminate/Cookie/Middleware/EncryptCookies.php(75): Illuminate\\Pipeline\\Pipeline->{closure:{closure:Illuminate\\Pipeline\\Pipeline::carry():184}:185}()
#27 /home3/vminingc/swaeduae.ae/laravel-app/vendor/laravel/framework/src/Illuminate/Pipeline/Pipeline.php(209): Illuminate\\Cookie\\Middleware\\EncryptCookies->handle()
#28 /home3/vminingc/swaeduae.ae/laravel-app/vendor/laravel/framework/src/Illuminate/Pipeline/Pipeline.php(127): Illuminate\\Pipeline\\Pipeline->{closure:{closure:Illuminate\\Pipeline\\Pipeline::carry():184}:185}()
#29 /home3/vminingc/swaeduae.ae/laravel-app/vendor/laravel/framework/src/Illuminate/Routing/Router.php(807): Illuminate\\Pipeline\\Pipeline->then()
#30 /home3/vminingc/swaeduae.ae/laravel-app/vendor/laravel/framework/src/Illuminate/Routing/Router.php(786): Illuminate\\Routing\\Router->runRouteWithinStack()
#31 /home3/vminingc/swaeduae.ae/laravel-app/vendor/laravel/framework/src/Illuminate/Routing/Router.php(750): Illuminate\\Routing\\Router->runRoute()
#32 /home3/vminingc/swaeduae.ae/laravel-app/vendor/laravel/framework/src/Illuminate/Routing/Router.php(739): Illuminate\\Routing\\Router->dispatchToRoute()
#33 /home3/vminingc/swaeduae.ae/laravel-app/vendor/laravel/framework/src/Illuminate/Foundation/Http/Kernel.php(201): Illuminate\\Routing\\Router->dispatch()
#34 /home3/vminingc/swaeduae.ae/laravel-app/vendor/laravel/framework/src/Illuminate/Pipeline/Pipeline.php(170): Illuminate\\Foundation\\Http\\Kernel->{closure:Illuminate\\Foundation\\Http\\Kernel::dispatchToRouter():198}()
#35 /home3/vminingc/swaeduae.ae/laravel-app/app/Http/Middleware/SecurityHeaders.php(14): Illuminate\\Pipeline\\Pipeline->{closure:Illuminate\\Pipeline\\Pipeline::prepareDestination():168}()
#36 /home3/vminingc/swaeduae.ae/laravel-app/vendor/laravel/framework/src/Illuminate/Pipeline/Pipeline.php(209): App\\Http\\Middleware\\SecurityHeaders->handle()
#37 /home3/vminingc/swaeduae.ae/laravel-app/vendor/laravel/framework/src/Illuminate/Http/Middleware/TrustProxies.php(58): Illuminate\\Pipeline\\Pipeline->{closure:{closure:Illuminate\\Pipeline\\Pipeline::carry():184}:185}()
#38 /home3/vminingc/swaeduae.ae/laravel-app/vendor/laravel/framework/src/Illuminate/Pipeline/Pipeline.php(209): Illuminate\\Http\\Middleware\\TrustProxies->handle()
#39 /home3/vminingc/swaeduae.ae/laravel-app/vendor/laravel/framework/src/Illuminate/Foundation/Http/Middleware/TransformsRequest.php(21): Illuminate\\Pipeline\\Pipeline->{closure:{closure:Illuminate\\Pipeline\\Pipeline::carry():184}:185}()
#40 /home3/vminingc/swaeduae.ae/laravel-app/vendor/laravel/framework/src/Illuminate/Foundation/Http/Middleware/ConvertEmptyStringsToNull.php(31): Illuminate\\Foundation\\Http\\Middleware\\TransformsRequest->handle()
#41 /home3/vminingc/swaeduae.ae/laravel-app/vendor/laravel/framework/src/Illuminate/Pipeline/Pipeline.php(209): Illuminate\\Foundation\\Http\\Middleware\\ConvertEmptyStringsToNull->handle()
#42 /home3/vminingc/swaeduae.ae/laravel-app/vendor/laravel/framework/src/Illuminate/Foundation/Http/Middleware/TransformsRequest.php(21): Illuminate\\Pipeline\\Pipeline->{closure:{closure:Illuminate\\Pipeline\\Pipeline::carry():184}:185}()
#43 /home3/vminingc/swaeduae.ae/laravel-app/vendor/laravel/framework/src/Illuminate/Foundation/Http/Middleware/TrimStrings.php(51): Illuminate\\Foundation\\Http\\Middleware\\TransformsRequest->handle()
#44 /home3/vminingc/swaeduae.ae/laravel-app/vendor/laravel/framework/src/Illuminate/Pipeline/Pipeline.php(209): Illuminate\\Foundation\\Http\\Middleware\\TrimStrings->handle()
#45 /home3/vminingc/swaeduae.ae/laravel-app/vendor/laravel/framework/src/Illuminate/Http/Middleware/ValidatePostSize.php(27): Illuminate\\Pipeline\\Pipeline->{closure:{closure:Illuminate\\Pipeline\\Pipeline::carry():184}:185}()
#46 /home3/vminingc/swaeduae.ae/laravel-app/vendor/laravel/framework/src/Illuminate/Pipeline/Pipeline.php(209): Illuminate\\Http\\Middleware\\ValidatePostSize->handle()
#47 /home3/vminingc/swaeduae.ae/laravel-app/vendor/laravel/framework/src/Illuminate/Foundation/Http/Middleware/PreventRequestsDuringMaintenance.php(110): Illuminate\\Pipeline\\Pipeline->{closure:{closure:Illuminate\\Pipeline\\Pipeline::carry():184}:185}()
#48 /home3/vminingc/swaeduae.ae/laravel-app/vendor/laravel/framework/src/Illuminate/Pipeline/Pipeline.php(209): Illuminate\\Foundation\\Http\\Middleware\\PreventRequestsDuringMaintenance->handle()
#49 /home3/vminingc/swaeduae.ae/laravel-app/vendor/laravel/framework/src/Illuminate/Http/Middleware/HandleCors.php(49): Illuminate\\Pipeline\\Pipeline->{closure:{closure:Illuminate\\Pipeline\\Pipeline::carry():184}:185}()
#50 /home3/vminingc/swaeduae.ae/laravel-app/vendor/laravel/framework/src/Illuminate/Pipeline/Pipeline.php(209): Illuminate\\Http\\Middleware\\HandleCors->handle()
#51 /home3/vminingc/swaeduae.ae/laravel-app/vendor/laravel/framework/src/Illuminate/Http/Middleware/TrustProxies.php(58): Illuminate\\Pipeline\\Pipeline->{closure:{closure:Illuminate\\Pipeline\\Pipeline::carry():184}:185}()
#52 /home3/vminingc/swaeduae.ae/laravel-app/vendor/laravel/framework/src/Illuminate/Pipeline/Pipeline.php(209): Illuminate\\Http\\Middleware\\TrustProxies->handle()
#53 /home3/vminingc/swaeduae.ae/laravel-app/vendor/laravel/framework/src/Illuminate/Foundation/Http/Middleware/InvokeDeferredCallbacks.php(22): Illuminate\\Pipeline\\Pipeline->{closure:{closure:Illuminate\\Pipeline\\Pipeline::carry():184}:185}()
#54 /home3/vminingc/swaeduae.ae/laravel-app/vendor/laravel/framework/src/Illuminate/Pipeline/Pipeline.php(209): Illuminate\\Foundation\\Http\\Middleware\\InvokeDeferredCallbacks->handle()
#55 /home3/vminingc/swaeduae.ae/laravel-app/vendor/laravel/framework/src/Illuminate/Pipeline/Pipeline.php(127): Illuminate\\Pipeline\\Pipeline->{closure:{closure:Illuminate\\Pipeline\\Pipeline::carry():184}:185}()
#56 /home3/vminingc/swaeduae.ae/laravel-app/vendor/laravel/framework/src/Illuminate/Foundation/Http/Kernel.php(176): Illuminate\\Pipeline\\Pipeline->then()
#57 /home3/vminingc/swaeduae.ae/laravel-app/vendor/laravel/framework/src/Illuminate/Foundation/Http/Kernel.php(145): Illuminate\\Foundation\\Http\\Kernel->sendRequestThroughRouter()
#58 /home3/vminingc/swaeduae.ae/laravel-app/public/index.php(11): Illuminate\\Foundation\\Http\\Kernel->handle()
#59 {main}
"} 

=== Healthcheck complete @ 2025-08-16T09:32:22+0000 ===
